<?xml version="1.0" encoding="UTF-8"?>
<testng-results skipped="0" failed="0" ignored="0" total="1" passed="1">
  <reporter-output>
  </reporter-output>
  <suite name="WebDriver" duration-ms="13167" started-at="2020-05-18T18:26:07Z" finished-at="2020-05-18T18:26:20Z">
    <groups>
    </groups>
    <test name="Test" duration-ms="13167" started-at="2020-05-18T18:26:07Z" finished-at="2020-05-18T18:26:20Z">
      <class name="TestNG.test">
        <test-method status="PASS" signature="launch()[pri:0, instance:TestNG.test@5a39699c]" name="launch" is-config="true" duration-ms="8011" started-at="2020-05-18T18:26:07Z" finished-at="2020-05-18T18:26:15Z">
          <reporter-output>
          </reporter-output>
        </test-method> <!-- launch -->
        <test-method status="PASS" signature="verify()[pri:0, instance:TestNG.test@5a39699c]" name="verify" duration-ms="716" started-at="2020-05-18T18:26:15Z" finished-at="2020-05-18T18:26:16Z">
          <reporter-output>
          </reporter-output>
        </test-method> <!-- verify -->
        <test-method status="PASS" signature="close()[pri:0, instance:TestNG.test@5a39699c]" name="close" is-config="true" duration-ms="4406" started-at="2020-05-18T18:26:16Z" finished-at="2020-05-18T18:26:20Z">
          <reporter-output>
          </reporter-output>
        </test-method> <!-- close -->
      </class> <!-- TestNG.test -->
    </test> <!-- Test -->
  </suite> <!-- WebDriver -->
</testng-results>
