<?xml version="1.0" encoding="UTF-8"?>
<testng-results ignored="0" total="1" passed="1" failed="0" skipped="0">
  <reporter-output>
  </reporter-output>
  <suite started-at="2020-05-29T14:36:08Z" name="WebDriver" finished-at="2020-05-29T14:36:33Z" duration-ms="25248">
    <groups>
    </groups>
    <test started-at="2020-05-29T14:36:08Z" name="Test" finished-at="2020-05-29T14:36:33Z" duration-ms="25248">
      <class name="TestNG.test">
        <test-method is-config="true" signature="launch()[pri:0, instance:TestNG.test@1786f9d5]" started-at="2020-05-29T14:36:08Z" name="launch" finished-at="2020-05-29T14:36:30Z" duration-ms="21547" status="PASS">
          <reporter-output>
          </reporter-output>
        </test-method> <!-- launch -->
        <test-method signature="verify()[pri:0, instance:TestNG.test@1786f9d5]" started-at="2020-05-29T14:36:30Z" name="verify" finished-at="2020-05-29T14:36:32Z" duration-ms="2841" status="PASS">
          <reporter-output>
          </reporter-output>
        </test-method> <!-- verify -->
        <test-method is-config="true" signature="end()[pri:0, instance:TestNG.test@1786f9d5]" started-at="2020-05-29T14:36:32Z" name="end" finished-at="2020-05-29T14:36:33Z" duration-ms="832" status="PASS">
          <reporter-output>
          </reporter-output>
        </test-method> <!-- end -->
      </class> <!-- TestNG.test -->
    </test> <!-- Test -->
  </suite> <!-- WebDriver -->
</testng-results>
