<?xml version="1.0" encoding="UTF-8"?>
<testng-results skipped="0" failed="0" ignored="0" total="1" passed="1">
  <reporter-output>
  </reporter-output>
  <suite name="WebDriver" duration-ms="8897" started-at="2020-05-17T19:50:40Z" finished-at="2020-05-17T19:50:49Z">
    <groups>
    </groups>
    <test name="Test" duration-ms="8897" started-at="2020-05-17T19:50:40Z" finished-at="2020-05-17T19:50:49Z">
      <class name="TestNG.test">
        <test-method status="PASS" signature="launch()[pri:0, instance:TestNG.test@6b9651f3]" name="launch" is-config="true" duration-ms="8069" started-at="2020-05-17T19:50:40Z" finished-at="2020-05-17T19:50:48Z">
          <reporter-output>
          </reporter-output>
        </test-method> <!-- launch -->
        <test-method status="PASS" signature="verify()[pri:0, instance:TestNG.test@6b9651f3]" name="verify" duration-ms="644" started-at="2020-05-17T19:50:48Z" finished-at="2020-05-17T19:50:49Z">
          <reporter-output>
          </reporter-output>
        </test-method> <!-- verify -->
        <test-method status="PASS" signature="close()[pri:0, instance:TestNG.test@6b9651f3]" name="close" is-config="true" duration-ms="145" started-at="2020-05-17T19:50:49Z" finished-at="2020-05-17T19:50:49Z">
          <reporter-output>
          </reporter-output>
        </test-method> <!-- close -->
      </class> <!-- TestNG.test -->
    </test> <!-- Test -->
  </suite> <!-- WebDriver -->
</testng-results>
